<?xml version="1.0" encoding="UTF-8"?>
<!-- Generated by org.testng.reporters.JUnitReportReporter -->
<testsuite hostname="Ramkumars-MacBook-Air.local" failures="0" tests="1" name="testCases.ScriptDriver" time="133.224" errors="0" timestamp="2024-03-20T01:27:53 IST" skipped="0">
  <testcase classname="testCases.ScriptDriver" name="driverSetup" time="133.224"/>
  <system-out/>
</testsuite> <!-- testCases.ScriptDriver -->
